<?xml version="1.0" encoding="UTF-8"?>
<!-- Generated by org.testng.reporters.JUnitReportReporter -->
<testsuite hostname="user-PC" name="testing.Case1" tests="1" failures="0" timestamp="10 Jul 2016 05:08:30 GMT" time="17.825" errors="0">
  <testcase name="testCase1" time="17.825" classname="testing.Case1"/>
</testsuite> <!-- testing.Case1 -->
